<?xml version="1.0" encoding="UTF-8"?>
<!-- Generated by org.testng.reporters.JUnitXMLReporter -->
<testsuite ignored="1" hostname="WIN-5EQ15D0PMCQ" failures="0" tests="6" name="All tests" time="17.86" errors="0" timestamp="2022-11-07T09:28:31 MSK">
  <testcase classname="test.CorrectInputTests" name="isVmClassInputCorrect" time="0.389"/>
  <testcase classname="test.CorrectInputTests" name="isInstanceTypeInputCorrect" time="0.078"/>
  <testcase classname="test.CorrectInputTests" name="isLocationInputCorrect" time="0.05"/>
  <testcase classname="test.CorrectInputTests" name="isSSDInputCorrect" time="0.053"/>
  <testcase classname="test.CorrectInputTests" name="isUsageInputCorrect" time="0.03"/>
  <testcase classname="test.WebDriverHardcoreTest" name="areTotalEstimatedMonthlyCostValuesOnCalculatorAndInEmailEqual" time="14.63"/>
  <testcase classname="test.CommonConditions" name="@AfterTest afterTestCompleted" time="0.0">
    <ignored/>
  </testcase> <!-- @AfterTest afterTestCompleted -->
</testsuite> <!-- All tests -->
