<?xml version="1.0" encoding="UTF-8"?>
<!-- Generated by org.testng.reporters.JUnitXMLReporter -->
<testsuite ignored="1" hostname="WIN-5EQ15D0PMCQ" failures="0" tests="6" name="All tests" time="14.643" errors="0" timestamp="2022-12-06T10:59:16 MSK">
  <testcase classname="test.CorrectInputTests" name="isVmClassInputCorrect" time="0.265"/>
  <testcase classname="test.CorrectInputTests" name="isInstanceTypeInputCorrect" time="0.108"/>
  <testcase classname="test.CorrectInputTests" name="isLocationInputCorrect" time="0.065"/>
  <testcase classname="test.CorrectInputTests" name="isSSDInputCorrect" time="0.077"/>
  <testcase classname="test.CorrectInputTests" name="isUsageInputCorrect" time="0.047"/>
  <testcase classname="test.WebDriverHardcoreTest" name="areTotalEstimatedMonthlyCostValuesOnCalculatorAndInEmailEqual" time="11.541"/>
  <testcase classname="test.CommonConditions" name="@AfterTest afterTestCompleted" time="0.0">
    <ignored/>
  </testcase> <!-- @AfterTest afterTestCompleted -->
</testsuite> <!-- All tests -->
