<?xml version="1.0" encoding="UTF-8"?>
<testng-results ignored="1" total="7" passed="6" failed="0" skipped="0">
  <reporter-output>
  </reporter-output>
  <suite started-at="2022-11-07T09:28:14 MSK" name="All tests" finished-at="2022-11-07T09:28:31 MSK" duration-ms="17860">
    <groups>
    </groups>
    <test started-at="2022-11-07T09:28:14 MSK" name="All tests" finished-at="2022-11-07T09:28:31 MSK" duration-ms="17860">
      <class name="test.WebDriverHardcoreTest">
        <test-method signature="areTotalEstimatedMonthlyCostValuesOnCalculatorAndInEmailEqual()[pri:0, instance:test.WebDriverHardcoreTest@267f9765]" started-at="2022-11-07T09:28:14 MSK" name="areTotalEstimatedMonthlyCostValuesOnCalculatorAndInEmailEqual" description="compares VM Total Estimated Monthly Cost values on Calculator and in Email" finished-at="2022-11-07T09:28:29 MSK" duration-ms="14630" status="PASS">
          <reporter-output>
          </reporter-output>
        </test-method> <!-- areTotalEstimatedMonthlyCostValuesOnCalculatorAndInEmailEqual -->
      </class> <!-- test.WebDriverHardcoreTest -->
      <class name="test.CorrectInputTests">
        <test-method signature="isVmClassInputCorrect()[pri:0, instance:test.CorrectInputTests@f9cab00]" started-at="2022-11-07T09:28:14 MSK" name="isVmClassInputCorrect" description="compares VM Class on calculator form and the input one" finished-at="2022-11-07T09:28:14 MSK" duration-ms="389" status="PASS">
          <reporter-output>
          </reporter-output>
        </test-method> <!-- isVmClassInputCorrect -->
        <test-method signature="isInstanceTypeInputCorrect()[pri:0, instance:test.CorrectInputTests@f9cab00]" started-at="2022-11-07T09:28:14 MSK" name="isInstanceTypeInputCorrect" description="compares Instance type on calculator form and the input one" finished-at="2022-11-07T09:28:14 MSK" duration-ms="78" status="PASS">
          <reporter-output>
          </reporter-output>
        </test-method> <!-- isInstanceTypeInputCorrect -->
        <test-method signature="isLocationInputCorrect()[pri:0, instance:test.CorrectInputTests@f9cab00]" started-at="2022-11-07T09:28:14 MSK" name="isLocationInputCorrect" description="compares Location on calculator form and the input one" finished-at="2022-11-07T09:28:14 MSK" duration-ms="50" status="PASS">
          <reporter-output>
          </reporter-output>
        </test-method> <!-- isLocationInputCorrect -->
        <test-method signature="isSSDInputCorrect()[pri:0, instance:test.CorrectInputTests@f9cab00]" started-at="2022-11-07T09:28:14 MSK" name="isSSDInputCorrect" description="compares SSD on calculator form and the input one" finished-at="2022-11-07T09:28:14 MSK" duration-ms="53" status="PASS">
          <reporter-output>
          </reporter-output>
        </test-method> <!-- isSSDInputCorrect -->
        <test-method signature="isUsageInputCorrect()[pri:0, instance:test.CorrectInputTests@f9cab00]" started-at="2022-11-07T09:28:14 MSK" name="isUsageInputCorrect" description="compares usage on calculator form and the input one" finished-at="2022-11-07T09:28:14 MSK" duration-ms="30" status="PASS">
          <reporter-output>
          </reporter-output>
        </test-method> <!-- isUsageInputCorrect -->
        <test-method is-config="true" signature="afterTestCompleted()[pri:0, instance:test.CorrectInputTests@f9cab00]" started-at="2022-11-07T09:28:29 MSK" name="afterTestCompleted" description="closes the browser" finished-at="2022-11-07T09:28:31 MSK" duration-ms="2531" status="PASS">
          <reporter-output>
          </reporter-output>
        </test-method> <!-- afterTestCompleted -->
      </class> <!-- test.CorrectInputTests -->
    </test> <!-- All tests -->
  </suite> <!-- All tests -->
</testng-results>
