<?xml version="1.0" encoding="UTF-8"?>
<testsuite xmlns:xsi="http://www.w3.org/2001/XMLSchema-instance" xsi:noNamespaceSchemaLocation="https://maven.apache.org/surefire/maven-surefire-plugin/xsd/surefire-test-report.xsd" name="TestSuite" time="64.769" tests="1" errors="0" skipped="0" failures="1">
  <properties>
[...]
</properties>
  <testcase name="areTotalEstimatedMonthlyCostValuesOnCalculatorAndInEmailEqual" classname="test.WebDriverHardcoreTest" time="11.603">
    <failure message="Unable to locate element: //*[@id=&apos;ifmail&apos;]&#10;For documentation on this error, please visit: https://selenium.dev/exceptions/#no_such_element&#10;Build info: version: &apos;4.5.0&apos;, revision: &apos;fe167b119a&apos;&#10;System info: os.name: &apos;Windows 10&apos;, os.arch: &apos;amd64&apos;, os.version: &apos;10.0&apos;, java.version: &apos;18&apos;&#10;Driver info: org.openqa.selenium.firefox.FirefoxDriver&#10;Command: [fca18cb9-cb24-49dc-89f6-07b862501f10, findElement {using=xpath, value=//*[@id=&apos;ifmail&apos;]}]&#10;Capabilities {acceptInsecureCerts: true, browserName: firefox, browserVersion: 107.0.1, moz:accessibilityChecks: false, moz:buildID: 20221128144904, moz:debuggerAddress: 127.0.0.1:63860, moz:geckodriverVersion: 0.32.0, moz:headless: false, moz:platformVersion: 10.0, moz:processID: 6716, moz:profile: C:\WINDOWS\TEMP\rust_mozpro..., moz:shutdownTimeout: 60000, moz:useNonSpecCompliantPointerOrigin: false, moz:webdriverClick: true, moz:windowless: false, pageLoadStrategy: normal, platformName: WINDOWS, proxy: Proxy(), se:cdp: ws://127.0.0.1:63860/devtoo..., se:cdpVersion: 85.0, setWindowRect: true, strictFileInteractability: false, timeouts: {implicit: 0, pageLoad: 300000, script: 30000}, unhandledPromptBehavior: dismiss and notify}&#10;Session ID: fca18cb9-cb24-49dc-89f6-07b862501f10" type="org.openqa.selenium.NoSuchElementException">org.openqa.selenium.NoSuchElementException: 
Unable to locate element: //*[@id='ifmail']
For documentation on this error, please visit: https://selenium.dev/exceptions/#no_such_element
Build info: version: '4.5.0', revision: 'fe167b119a'
System info: os.name: 'Windows 10', os.arch: 'amd64', os.version: '10.0', java.version: '18'
Driver info: org.openqa.selenium.firefox.FirefoxDriver
Command: [fca18cb9-cb24-49dc-89f6-07b862501f10, findElement {using=xpath, value=//*[@id='ifmail']}]
Capabilities {acceptInsecureCerts: true, browserName: firefox, browserVersion: 107.0.1, moz:accessibilityChecks: false, moz:buildID: 20221128144904, moz:debuggerAddress: 127.0.0.1:63860, moz:geckodriverVersion: 0.32.0, moz:headless: false, moz:platformVersion: 10.0, moz:processID: 6716, moz:profile: C:\WINDOWS\TEMP\rust_mozpro..., moz:shutdownTimeout: 60000, moz:useNonSpecCompliantPointerOrigin: false, moz:webdriverClick: true, moz:windowless: false, pageLoadStrategy: normal, platformName: WINDOWS, proxy: Proxy(), se:cdp: ws://127.0.0.1:63860/devtoo..., se:cdpVersion: 85.0, setWindowRect: true, strictFileInteractability: false, timeouts: {implicit: 0, pageLoad: 300000, script: 30000}, unhandledPromptBehavior: dismiss and notify}
Session ID: fca18cb9-cb24-49dc-89f6-07b862501f10
	at test.WebDriverHardcoreTest.areTotalEstimatedMonthlyCostValuesOnCalculatorAndInEmailEqual(WebDriverHardcoreTest.java:12)
</failure>
    <system-out><![CDATA[2022-12-05 10:46:35,701 DEBUG logging.InternalLoggerFactory [main] io.netty.util.internal.logging.InternalLoggerFactory.useLog4J2LoggerFactory(InternalLoggerFactory.java:76) Using Log4J2 as the default logging framework
2022-12-05 10:46:35,725 DEBUG util.ResourceLeakDetector [main] io.netty.util.ResourceLeakDetector.<clinit>(ResourceLeakDetector.java:129) -Dio.netty.leakDetection.level: simple
2022-12-05 10:46:35,728 DEBUG util.ResourceLeakDetector [main] io.netty.util.ResourceLeakDetector.<clinit>(ResourceLeakDetector.java:130) -Dio.netty.leakDetection.targetRecords: 4
2022-12-05 10:46:35,738 DEBUG util.ResourceLeakDetectorFactory [main] io.netty.util.ResourceLeakDetectorFactory$DefaultResourceLeakDetectorFactory.newResourceLeakDetector(ResourceLeakDetectorFactory.java:196) Loaded default ResourceLeakDetector: io.netty.util.ResourceLeakDetector@36c54a56
2022-12-05 10:46:35,783 DEBUG internal.PlatformDependent0 [main] io.netty.util.internal.PlatformDependent0.explicitNoUnsafeCause0(PlatformDependent0.java:495) -Dio.netty.noUnsafe: false
2022-12-05 10:46:35,784 DEBUG internal.PlatformDependent0 [main] io.netty.util.internal.PlatformDependent0.javaVersion0(PlatformDependent0.java:998) Java version: 18
2022-12-05 10:46:35,788 DEBUG internal.PlatformDependent0 [main] io.netty.util.internal.PlatformDependent0.<clinit>(PlatformDependent0.java:136) sun.misc.Unsafe.theUnsafe: available
2022-12-05 10:46:35,791 DEBUG internal.PlatformDependent0 [main] io.netty.util.internal.PlatformDependent0.<clinit>(PlatformDependent0.java:160) sun.misc.Unsafe.copyMemory: available
2022-12-05 10:46:35,796 DEBUG internal.PlatformDependent0 [main] io.netty.util.internal.PlatformDependent0.<clinit>(PlatformDependent0.java:192) sun.misc.Unsafe.storeFence: available
2022-12-05 10:46:35,798 DEBUG internal.PlatformDependent0 [main] io.netty.util.internal.PlatformDependent0.<clinit>(PlatformDependent0.java:235) java.nio.Buffer.address: available
2022-12-05 10:46:35,799 DEBUG internal.PlatformDependent0 [main] io.netty.util.internal.PlatformDependent0.<clinit>(PlatformDependent0.java:316) direct buffer constructor: unavailable
java.lang.UnsupportedOperationException: Reflective setAccessible(true) disabled
	at io.netty.util.internal.ReflectionUtil.trySetAccessible(ReflectionUtil.java:31) ~[netty-common-4.1.79.Final.jar:4.1.79.Final]
	at io.netty.util.internal.PlatformDependent0$5.run(PlatformDependent0.java:287) ~[netty-common-4.1.79.Final.jar:4.1.79.Final]
	at java.security.AccessController.doPrivileged(AccessController.java:318) ~[?:?]
	at io.netty.util.internal.PlatformDependent0.<clinit>(PlatformDependent0.java:281) [netty-common-4.1.79.Final.jar:4.1.79.Final]
	at io.netty.util.internal.PlatformDependent.isAndroid(PlatformDependent.java:333) [netty-common-4.1.79.Final.jar:4.1.79.Final]
	at io.netty.util.internal.PlatformDependent.<clinit>(PlatformDependent.java:88) [netty-common-4.1.79.Final.jar:4.1.79.Final]
	at io.netty.util.HashedWheelTimer.<init>(HashedWheelTimer.java:114) [netty-common-4.1.79.Final.jar:4.1.79.Final]
	at io.netty.util.HashedWheelTimer.<init>(HashedWheelTimer.java:251) [netty-common-4.1.79.Final.jar:4.1.79.Final]
	at io.netty.util.HashedWheelTimer.<init>(HashedWheelTimer.java:224) [netty-common-4.1.79.Final.jar:4.1.79.Final]
	at io.netty.util.HashedWheelTimer.<init>(HashedWheelTimer.java:203) [netty-common-4.1.79.Final.jar:4.1.79.Final]
	at org.asynchttpclient.DefaultAsyncHttpClient.newNettyTimer(DefaultAsyncHttpClient.java:111) [async-http-client-2.12.3.jar:?]
	at org.asynchttpclient.DefaultAsyncHttpClient.<init>(DefaultAsyncHttpClient.java:90) [async-http-client-2.12.3.jar:?]
	at org.asynchttpclient.Dsl.asyncHttpClient(Dsl.java:32) [async-http-client-2.12.3.jar:?]
	at org.openqa.selenium.remote.http.netty.NettyClient.createHttpClient(NettyClient.java:94) [selenium-remote-driver-4.5.0.jar:?]
	at org.openqa.selenium.remote.http.netty.NettyClient.<clinit>(NettyClient.java:47) [selenium-remote-driver-4.5.0.jar:?]
	at org.openqa.selenium.remote.http.netty.NettyClient$Factory.createClient(NettyClient.java:135) [selenium-remote-driver-4.5.0.jar:?]
	at org.openqa.selenium.remote.HttpCommandExecutor.<init>(HttpCommandExecutor.java:107) [selenium-remote-driver-4.5.0.jar:?]
	at org.openqa.selenium.remote.HttpCommandExecutor.<init>(HttpCommandExecutor.java:94) [selenium-remote-driver-4.5.0.jar:?]
	at org.openqa.selenium.remote.HttpCommandExecutor.<init>(HttpCommandExecutor.java:85) [selenium-remote-driver-4.5.0.jar:?]
	at org.openqa.selenium.remote.service.DriverCommandExecutor.<init>(DriverCommandExecutor.java:80) [selenium-remote-driver-4.5.0.jar:?]
	at org.openqa.selenium.firefox.FirefoxDriver$FirefoxDriverCommandExecutor.<init>(FirefoxDriver.java:331) [selenium-firefox-driver-4.5.0.jar:?]
	at org.openqa.selenium.firefox.FirefoxDriver.<init>(FirefoxDriver.java:98) [selenium-firefox-driver-4.5.0.jar:?]
	at org.openqa.selenium.firefox.FirefoxDriver.<init>(FirefoxDriver.java:94) [selenium-firefox-driver-4.5.0.jar:?]
	at driver.DriverSingleton.getDriver(DriverSingleton.java:21) [test-classes/:?]
	at page.AbstractPage.<init>(AbstractPage.java:12) [test-classes/:?]
	at page.GoogleCloudPlatformPricingCalculatorPage.<init>(GoogleCloudPlatformPricingCalculatorPage.java:10) [test-classes/:?]
	at service.VirtualMachineDesignShop.<init>(VirtualMachineDesignShop.java:7) [test-classes/:?]
	at test.CommonConditions.calculateVmEstimatedCostValues(CommonConditions.java:20) [test-classes/:?]
	at test.CommonConditions.<init>(CommonConditions.java:17) [test-classes/:?]
	at test.WebDriverHardcoreTest.<init>(WebDriverHardcoreTest.java:6) [test-classes/:?]
	at jdk.internal.reflect.DirectConstructorHandleAccessor.newInstance(DirectConstructorHandleAccessor.java:67) ~[?:?]
	at java.lang.reflect.Constructor.newInstanceWithCaller(Constructor.java:499) ~[?:?]
	at java.lang.reflect.Constructor.newInstance(Constructor.java:483) ~[?:?]
	at org.testng.internal.objects.InstanceCreator.newInstance(InstanceCreator.java:38) [testng-7.6.1.jar:7.6.1]
	at org.testng.ITestObjectFactory.newInstance(ITestObjectFactory.java:18) [testng-7.6.1.jar:7.6.1]
	at org.testng.internal.objects.SimpleObjectDispenser.instantiateUsingDefaultConstructor(SimpleObjectDispenser.java:178) [testng-7.6.1.jar:7.6.1]
	at org.testng.internal.objects.SimpleObjectDispenser.createInstance(SimpleObjectDispenser.java:87) [testng-7.6.1.jar:7.6.1]
	at org.testng.internal.objects.SimpleObjectDispenser.dispense(SimpleObjectDispenser.java:40) [testng-7.6.1.jar:7.6.1]
	at org.testng.internal.objects.GuiceBasedObjectDispenser.dispense(GuiceBasedObjectDispenser.java:28) [testng-7.6.1.jar:7.6.1]
	at org.testng.internal.ClassImpl.getDefaultInstance(ClassImpl.java:106) [testng-7.6.1.jar:7.6.1]
	at org.testng.internal.ClassImpl.getInstances(ClassImpl.java:136) [testng-7.6.1.jar:7.6.1]
	at org.testng.TestClass.getInstances(TestClass.java:129) [testng-7.6.1.jar:7.6.1]
	at org.testng.TestClass.initTestClassesAndInstances(TestClass.java:109) [testng-7.6.1.jar:7.6.1]
	at org.testng.TestClass.init(TestClass.java:101) [testng-7.6.1.jar:7.6.1]
	at org.testng.TestClass.<init>(TestClass.java:66) [testng-7.6.1.jar:7.6.1]
	at org.testng.TestRunner.initMethods(TestRunner.java:463) [testng-7.6.1.jar:7.6.1]
	at org.testng.TestRunner.init(TestRunner.java:335) [testng-7.6.1.jar:7.6.1]
	at org.testng.TestRunner.init(TestRunner.java:288) [testng-7.6.1.jar:7.6.1]
	at org.testng.TestRunner.<init>(TestRunner.java:178) [testng-7.6.1.jar:7.6.1]
	at org.testng.SuiteRunner$DefaultTestRunnerFactory.newTestRunner(SuiteRunner.java:639) [testng-7.6.1.jar:7.6.1]
	at org.testng.SuiteRunner.init(SuiteRunner.java:225) [testng-7.6.1.jar:7.6.1]
	at org.testng.SuiteRunner.<init>(SuiteRunner.java:115) [testng-7.6.1.jar:7.6.1]
	at org.testng.TestNG.createSuiteRunner(TestNG.java:1349) [testng-7.6.1.jar:7.6.1]
	at org.testng.TestNG.createSuiteRunners(TestNG.java:1325) [testng-7.6.1.jar:7.6.1]
	at org.testng.TestNG.runSuitesLocally(TestNG.java:1167) [testng-7.6.1.jar:7.6.1]
	at org.testng.TestNG.runSuites(TestNG.java:1099) [testng-7.6.1.jar:7.6.1]
	at org.testng.TestNG.run(TestNG.java:1067) [testng-7.6.1.jar:7.6.1]
	at org.apache.maven.surefire.testng.TestNGExecutor.run(TestNGExecutor.java:283) [surefire-testng-2.22.1.jar:2.22.1]
	at org.apache.maven.surefire.testng.TestNGXmlTestSuite.execute(TestNGXmlTestSuite.java:75) [surefire-testng-2.22.1.jar:2.22.1]
	at org.apache.maven.surefire.testng.TestNGProvider.invoke(TestNGProvider.java:120) [surefire-testng-2.22.1.jar:2.22.1]
	at org.apache.maven.surefire.booter.ForkedBooter.invokeProviderInSameClassLoader(ForkedBooter.java:384) [surefire-booter-2.22.1.jar:2.22.1]
	at org.apache.maven.surefire.booter.ForkedBooter.runSuitesInProcess(ForkedBooter.java:345) [surefire-booter-2.22.1.jar:2.22.1]
	at org.apache.maven.surefire.booter.ForkedBooter.execute(ForkedBooter.java:126) [surefire-booter-2.22.1.jar:2.22.1]
	at org.apache.maven.surefire.booter.ForkedBooter.main(ForkedBooter.java:418) [surefire-booter-2.22.1.jar:2.22.1]
2022-12-05 10:46:35,819 DEBUG internal.PlatformDependent0 [main] io.netty.util.internal.PlatformDependent0.<clinit>(PlatformDependent0.java:384) java.nio.Bits.unaligned: available, true
2022-12-05 10:46:35,822 DEBUG internal.PlatformDependent0 [main] io.netty.util.internal.PlatformDependent0.<clinit>(PlatformDependent0.java:448) jdk.internal.misc.Unsafe.allocateUninitializedArray(int): unavailable
java.lang.IllegalAccessException: class io.netty.util.internal.PlatformDependent0$7 cannot access class jdk.internal.misc.Unsafe (in module java.base) because module java.base does not export jdk.internal.misc to unnamed module @1df82230
	at jdk.internal.reflect.Reflection.newIllegalAccessException(Reflection.java:394) ~[?:?]
	at java.lang.reflect.AccessibleObject.checkAccess(AccessibleObject.java:674) ~[?:?]
	at java.lang.reflect.Method.invoke(Method.java:568) ~[?:?]
	at io.netty.util.internal.PlatformDependent0$7.run(PlatformDependent0.java:409) ~[netty-common-4.1.79.Final.jar:4.1.79.Final]
	at java.security.AccessController.doPrivileged(AccessController.java:318) ~[?:?]
	at io.netty.util.internal.PlatformDependent0.<clinit>(PlatformDependent0.java:400) [netty-common-4.1.79.Final.jar:4.1.79.Final]
	at io.netty.util.internal.PlatformDependent.isAndroid(PlatformDependent.java:333) [netty-common-4.1.79.Final.jar:4.1.79.Final]
	at io.netty.util.internal.PlatformDependent.<clinit>(PlatformDependent.java:88) [netty-common-4.1.79.Final.jar:4.1.79.Final]
	at io.netty.util.HashedWheelTimer.<init>(HashedWheelTimer.java:114) [netty-common-4.1.79.Final.jar:4.1.79.Final]
	at io.netty.util.HashedWheelTimer.<init>(HashedWheelTimer.java:251) [netty-common-4.1.79.Final.jar:4.1.79.Final]
	at io.netty.util.HashedWheelTimer.<init>(HashedWheelTimer.java:224) [netty-common-4.1.79.Final.jar:4.1.79.Final]
	at io.netty.util.HashedWheelTimer.<init>(HashedWheelTimer.java:203) [netty-common-4.1.79.Final.jar:4.1.79.Final]
	at org.asynchttpclient.DefaultAsyncHttpClient.newNettyTimer(DefaultAsyncHttpClient.java:111) [async-http-client-2.12.3.jar:?]
	at org.asynchttpclient.DefaultAsyncHttpClient.<init>(DefaultAsyncHttpClient.java:90) [async-http-client-2.12.3.jar:?]
	at org.asynchttpclient.Dsl.asyncHttpClient(Dsl.java:32) [async-http-client-2.12.3.jar:?]
	at org.openqa.selenium.remote.http.netty.NettyClient.createHttpClient(NettyClient.java:94) [selenium-remote-driver-4.5.0.jar:?]
	at org.openqa.selenium.remote.http.netty.NettyClient.<clinit>(NettyClient.java:47) [selenium-remote-driver-4.5.0.jar:?]
	at org.openqa.selenium.remote.http.netty.NettyClient$Factory.createClient(NettyClient.java:135) [selenium-remote-driver-4.5.0.jar:?]
	at org.openqa.selenium.remote.HttpCommandExecutor.<init>(HttpCommandExecutor.java:107) [selenium-remote-driver-4.5.0.jar:?]
	at org.openqa.selenium.remote.HttpCommandExecutor.<init>(HttpCommandExecutor.java:94) [selenium-remote-driver-4.5.0.jar:?]
	at org.openqa.selenium.remote.HttpCommandExecutor.<init>(HttpCommandExecutor.java:85) [selenium-remote-driver-4.5.0.jar:?]
	at org.openqa.selenium.remote.service.DriverCommandExecutor.<init>(DriverCommandExecutor.java:80) [selenium-remote-driver-4.5.0.jar:?]
	at org.openqa.selenium.firefox.FirefoxDriver$FirefoxDriverCommandExecutor.<init>(FirefoxDriver.java:331) [selenium-firefox-driver-4.5.0.jar:?]
	at org.openqa.selenium.firefox.FirefoxDriver.<init>(FirefoxDriver.java:98) [selenium-firefox-driver-4.5.0.jar:?]
	at org.openqa.selenium.firefox.FirefoxDriver.<init>(FirefoxDriver.java:94) [selenium-firefox-driver-4.5.0.jar:?]
	at driver.DriverSingleton.getDriver(DriverSingleton.java:21) [test-classes/:?]
	at page.AbstractPage.<init>(AbstractPage.java:12) [test-classes/:?]
	at page.GoogleCloudPlatformPricingCalculatorPage.<init>(GoogleCloudPlatformPricingCalculatorPage.java:10) [test-classes/:?]
	at service.VirtualMachineDesignShop.<init>(VirtualMachineDesignShop.java:7) [test-classes/:?]
	at test.CommonConditions.calculateVmEstimatedCostValues(CommonConditions.java:20) [test-classes/:?]
	at test.CommonConditions.<init>(CommonConditions.java:17) [test-classes/:?]
	at test.WebDriverHardcoreTest.<init>(WebDriverHardcoreTest.java:6) [test-classes/:?]
	at jdk.internal.reflect.DirectConstructorHandleAccessor.newInstance(DirectConstructorHandleAccessor.java:67) ~[?:?]
	at java.lang.reflect.Constructor.newInstanceWithCaller(Constructor.java:499) ~[?:?]
	at java.lang.reflect.Constructor.newInstance(Constructor.java:483) ~[?:?]
	at org.testng.internal.objects.InstanceCreator.newInstance(InstanceCreator.java:38) [testng-7.6.1.jar:7.6.1]
	at org.testng.ITestObjectFactory.newInstance(ITestObjectFactory.java:18) [testng-7.6.1.jar:7.6.1]
	at org.testng.internal.objects.SimpleObjectDispenser.instantiateUsingDefaultConstructor(SimpleObjectDispenser.java:178) [testng-7.6.1.jar:7.6.1]
	at org.testng.internal.objects.SimpleObjectDispenser.createInstance(SimpleObjectDispenser.java:87) [testng-7.6.1.jar:7.6.1]
	at org.testng.internal.objects.SimpleObjectDispenser.dispense(SimpleObjectDispenser.java:40) [testng-7.6.1.jar:7.6.1]
	at org.testng.internal.objects.GuiceBasedObjectDispenser.dispense(GuiceBasedObjectDispenser.java:28) [testng-7.6.1.jar:7.6.1]
	at org.testng.internal.ClassImpl.getDefaultInstance(ClassImpl.java:106) [testng-7.6.1.jar:7.6.1]
	at org.testng.internal.ClassImpl.getInstances(ClassImpl.java:136) [testng-7.6.1.jar:7.6.1]
	at org.testng.TestClass.getInstances(TestClass.java:129) [testng-7.6.1.jar:7.6.1]
	at org.testng.TestClass.initTestClassesAndInstances(TestClass.java:109) [testng-7.6.1.jar:7.6.1]
	at org.testng.TestClass.init(TestClass.java:101) [testng-7.6.1.jar:7.6.1]
	at org.testng.TestClass.<init>(TestClass.java:66) [testng-7.6.1.jar:7.6.1]
	at org.testng.TestRunner.initMethods(TestRunner.java:463) [testng-7.6.1.jar:7.6.1]
	at org.testng.TestRunner.init(TestRunner.java:335) [testng-7.6.1.jar:7.6.1]
	at org.testng.TestRunner.init(TestRunner.java:288) [testng-7.6.1.jar:7.6.1]
	at org.testng.TestRunner.<init>(TestRunner.java:178) [testng-7.6.1.jar:7.6.1]
	at org.testng.SuiteRunner$DefaultTestRunnerFactory.newTestRunner(SuiteRunner.java:639) [testng-7.6.1.jar:7.6.1]
	at org.testng.SuiteRunner.init(SuiteRunner.java:225) [testng-7.6.1.jar:7.6.1]
	at org.testng.SuiteRunner.<init>(SuiteRunner.java:115) [testng-7.6.1.jar:7.6.1]
	at org.testng.TestNG.createSuiteRunner(TestNG.java:1349) [testng-7.6.1.jar:7.6.1]
	at org.testng.TestNG.createSuiteRunners(TestNG.java:1325) [testng-7.6.1.jar:7.6.1]
	at org.testng.TestNG.runSuitesLocally(TestNG.java:1167) [testng-7.6.1.jar:7.6.1]
	at org.testng.TestNG.runSuites(TestNG.java:1099) [testng-7.6.1.jar:7.6.1]
	at org.testng.TestNG.run(TestNG.java:1067) [testng-7.6.1.jar:7.6.1]
	at org.apache.maven.surefire.testng.TestNGExecutor.run(TestNGExecutor.java:283) [surefire-testng-2.22.1.jar:2.22.1]
	at org.apache.maven.surefire.testng.TestNGXmlTestSuite.execute(TestNGXmlTestSuite.java:75) [surefire-testng-2.22.1.jar:2.22.1]
	at org.apache.maven.surefire.testng.TestNGProvider.invoke(TestNGProvider.java:120) [surefire-testng-2.22.1.jar:2.22.1]
	at org.apache.maven.surefire.booter.ForkedBooter.invokeProviderInSameClassLoader(ForkedBooter.java:384) [surefire-booter-2.22.1.jar:2.22.1]
	at org.apache.maven.surefire.booter.ForkedBooter.runSuitesInProcess(ForkedBooter.java:345) [surefire-booter-2.22.1.jar:2.22.1]
	at org.apache.maven.surefire.booter.ForkedBooter.execute(ForkedBooter.java:126) [surefire-booter-2.22.1.jar:2.22.1]
	at org.apache.maven.surefire.booter.ForkedBooter.main(ForkedBooter.java:418) [surefire-booter-2.22.1.jar:2.22.1]
2022-12-05 10:46:35,841 DEBUG internal.PlatformDependent0 [main] io.netty.util.internal.PlatformDependent0.<clinit>(PlatformDependent0.java:481) java.nio.DirectByteBuffer.<init>(long, int): unavailable
2022-12-05 10:46:35,842 DEBUG internal.PlatformDependent [main] io.netty.util.internal.PlatformDependent.unsafeUnavailabilityCause0(PlatformDependent.java:1159) sun.misc.Unsafe: available
2022-12-05 10:46:35,843 DEBUG internal.PlatformDependent [main] io.netty.util.internal.PlatformDependent.estimateMaxDirectMemory(PlatformDependent.java:1270) maxDirectMemory: 2147483648 bytes (maybe)
2022-12-05 10:46:35,846 DEBUG internal.PlatformDependent [main] io.netty.util.internal.PlatformDependent.tmpdir0(PlatformDependent.java:1289) -Dio.netty.tmpdir: C:\WINDOWS\TEMP (java.io.tmpdir)
2022-12-05 10:46:35,850 DEBUG internal.PlatformDependent [main] io.netty.util.internal.PlatformDependent.bitMode0(PlatformDependent.java:1368) -Dio.netty.bitMode: 64 (sun.arch.data.model)
2022-12-05 10:46:35,852 DEBUG internal.PlatformDependent [main] io.netty.util.internal.PlatformDependent.isWindows0(PlatformDependent.java:1119) Platform: Windows
2022-12-05 10:46:35,855 DEBUG internal.PlatformDependent [main] io.netty.util.internal.PlatformDependent.<clinit>(PlatformDependent.java:178) -Dio.netty.maxDirectMemory: -1 bytes
2022-12-05 10:46:35,856 DEBUG internal.PlatformDependent [main] io.netty.util.internal.PlatformDependent.<clinit>(PlatformDependent.java:185) -Dio.netty.uninitializedArrayAllocationThreshold: -1
2022-12-05 10:46:35,864 DEBUG internal.CleanerJava9 [main] io.netty.util.internal.CleanerJava9.<clinit>(CleanerJava9.java:71) java.nio.ByteBuffer.cleaner(): available
2022-12-05 10:46:35,865 DEBUG internal.PlatformDependent [main] io.netty.util.internal.PlatformDependent.<clinit>(PlatformDependent.java:205) -Dio.netty.noPreferDirect: false
2022-12-05 10:46:35,901 DEBUG internal.PlatformDependent [main] io.netty.util.internal.PlatformDependent$Mpsc.<clinit>(PlatformDependent.java:1010) org.jctools-core.MpscChunkedArrayQueue: available
2022-12-05 10:46:35,941 DEBUG internal.InternalThreadLocalMap [main] io.netty.util.internal.InternalThreadLocalMap.<clinit>(InternalThreadLocalMap.java:86) -Dio.netty.threadLocalMap.stringBuilder.initialSize: 1024
2022-12-05 10:46:35,942 DEBUG internal.InternalThreadLocalMap [main] io.netty.util.internal.InternalThreadLocalMap.<clinit>(InternalThreadLocalMap.java:89) -Dio.netty.threadLocalMap.stringBuilder.maxSize: 4096
2022-12-05 10:46:36,031 DEBUG ssl.JdkSslContext [main] io.netty.handler.ssl.JdkSslContext.<clinit>(JdkSslContext.java:83) Default protocols (JDK): [TLSv1.3, TLSv1.2] 
2022-12-05 10:46:36,032 DEBUG ssl.JdkSslContext [main] io.netty.handler.ssl.JdkSslContext.<clinit>(JdkSslContext.java:84) Default cipher suites (JDK): [TLS_ECDHE_ECDSA_WITH_AES_256_GCM_SHA384, TLS_ECDHE_ECDSA_WITH_AES_128_GCM_SHA256, TLS_ECDHE_RSA_WITH_AES_128_GCM_SHA256, TLS_ECDHE_RSA_WITH_AES_256_GCM_SHA384, TLS_ECDHE_RSA_WITH_AES_128_CBC_SHA, TLS_ECDHE_RSA_WITH_AES_256_CBC_SHA, TLS_RSA_WITH_AES_128_GCM_SHA256, TLS_RSA_WITH_AES_128_CBC_SHA, TLS_RSA_WITH_AES_256_CBC_SHA, TLS_AES_128_GCM_SHA256, TLS_AES_256_GCM_SHA384]
2022-12-05 10:46:36,080 DEBUG channel.MultithreadEventLoopGroup [main] io.netty.channel.MultithreadEventLoopGroup.<clinit>(MultithreadEventLoopGroup.java:44) -Dio.netty.eventLoopThreads: 8
2022-12-05 10:46:36,098 DEBUG nio.NioEventLoop [main] io.netty.channel.nio.NioEventLoop.<clinit>(NioEventLoop.java:109) -Dio.netty.noKeySetOptimization: false
2022-12-05 10:46:36,099 DEBUG nio.NioEventLoop [main] io.netty.channel.nio.NioEventLoop.<clinit>(NioEventLoop.java:110) -Dio.netty.selectorAutoRebuildThreshold: 512
2022-12-05 10:46:36,118 TRACE nio.NioEventLoop [main] io.netty.channel.nio.NioEventLoop.openSelector(NioEventLoop.java:263) instrumented a special java.util.Set into: sun.nio.ch.WEPollSelectorImpl@3e83c18
2022-12-05 10:46:36,121 TRACE nio.NioEventLoop [main] io.netty.channel.nio.NioEventLoop.openSelector(NioEventLoop.java:263) instrumented a special java.util.Set into: sun.nio.ch.WEPollSelectorImpl@3af356f
2022-12-05 10:46:36,123 TRACE nio.NioEventLoop [main] io.netty.channel.nio.NioEventLoop.openSelector(NioEventLoop.java:263) instrumented a special java.util.Set into: sun.nio.ch.WEPollSelectorImpl@4443ef6f
2022-12-05 10:46:36,125 TRACE nio.NioEventLoop [main] io.netty.channel.nio.NioEventLoop.openSelector(NioEventLoop.java:263) instrumented a special java.util.Set into: sun.nio.ch.WEPollSelectorImpl@7e46d648
2022-12-05 10:46:36,130 TRACE nio.NioEventLoop [main] io.netty.channel.nio.NioEventLoop.openSelector(NioEventLoop.java:263) instrumented a special java.util.Set into: sun.nio.ch.WEPollSelectorImpl@51751e5f
2022-12-05 10:46:36,133 TRACE nio.NioEventLoop [main] io.netty.channel.nio.NioEventLoop.openSelector(NioEventLoop.java:263) instrumented a special java.util.Set into: sun.nio.ch.WEPollSelectorImpl@2b0b4d53
2022-12-05 10:46:36,135 TRACE nio.NioEventLoop [main] io.netty.channel.nio.NioEventLoop.openSelector(NioEventLoop.java:263) instrumented a special java.util.Set into: sun.nio.ch.WEPollSelectorImpl@7068f7ca
2022-12-05 10:46:36,137 TRACE nio.NioEventLoop [main] io.netty.channel.nio.NioEventLoop.openSelector(NioEventLoop.java:263) instrumented a special java.util.Set into: sun.nio.ch.WEPollSelectorImpl@38548b19
2022-12-05 10:46:36,185 DEBUG buffer.PooledByteBufAllocator [main] io.netty.buffer.PooledByteBufAllocator.<clinit>(PooledByteBufAllocator.java:157) -Dio.netty.allocator.numHeapArenas: 8
2022-12-05 10:46:36,186 DEBUG buffer.PooledByteBufAllocator [main] io.netty.buffer.PooledByteBufAllocator.<clinit>(PooledByteBufAllocator.java:158) -Dio.netty.allocator.numDirectArenas: 8
2022-12-05 10:46:36,187 DEBUG buffer.PooledByteBufAllocator [main] io.netty.buffer.PooledByteBufAllocator.<clinit>(PooledByteBufAllocator.java:160) -Dio.netty.allocator.pageSize: 8192
2022-12-05 10:46:36,188 DEBUG buffer.PooledByteBufAllocator [main] io.netty.buffer.PooledByteBufAllocator.<clinit>(PooledByteBufAllocator.java:165) -Dio.netty.allocator.maxOrder: 9
2022-12-05 10:46:36,188 DEBUG buffer.PooledByteBufAllocator [main] io.netty.buffer.PooledByteBufAllocator.<clinit>(PooledByteBufAllocator.java:169) -Dio.netty.allocator.chunkSize: 4194304
2022-12-05 10:46:36,189 DEBUG buffer.PooledByteBufAllocator [main] io.netty.buffer.PooledByteBufAllocator.<clinit>(PooledByteBufAllocator.java:170) -Dio.netty.allocator.smallCacheSize: 256
2022-12-05 10:46:36,189 DEBUG buffer.PooledByteBufAllocator [main] io.netty.buffer.PooledByteBufAllocator.<clinit>(PooledByteBufAllocator.java:171) -Dio.netty.allocator.normalCacheSize: 64
2022-12-05 10:46:36,190 DEBUG buffer.PooledByteBufAllocator [main] io.netty.buffer.PooledByteBufAllocator.<clinit>(PooledByteBufAllocator.java:172) -Dio.netty.allocator.maxCachedBufferCapacity: 32768
2022-12-05 10:46:36,191 DEBUG buffer.PooledByteBufAllocator [main] io.netty.buffer.PooledByteBufAllocator.<clinit>(PooledByteBufAllocator.java:173) -Dio.netty.allocator.cacheTrimInterval: 8192
2022-12-05 10:46:36,191 DEBUG buffer.PooledByteBufAllocator [main] io.netty.buffer.PooledByteBufAllocator.<clinit>(PooledByteBufAllocator.java:174) -Dio.netty.allocator.cacheTrimIntervalMillis: 0
2022-12-05 10:46:36,192 DEBUG buffer.PooledByteBufAllocator [main] io.netty.buffer.PooledByteBufAllocator.<clinit>(PooledByteBufAllocator.java:175) -Dio.netty.allocator.useCacheForAllThreads: false
2022-12-05 10:46:36,197 DEBUG buffer.PooledByteBufAllocator [main] io.netty.buffer.PooledByteBufAllocator.<clinit>(PooledByteBufAllocator.java:176) -Dio.netty.allocator.maxCachedByteBuffersPerChunk: 1023
2022-12-05 10:46:36,221 DEBUG buffer.ByteBufUtil [main] io.netty.buffer.ByteBufUtil.<clinit>(ByteBufUtil.java:87) -Dio.netty.allocator.type: pooled
2022-12-05 10:46:36,221 DEBUG buffer.ByteBufUtil [main] io.netty.buffer.ByteBufUtil.<clinit>(ByteBufUtil.java:96) -Dio.netty.threadLocalDirectBufferSize: 0
2022-12-05 10:46:36,222 DEBUG buffer.ByteBufUtil [main] io.netty.buffer.ByteBufUtil.<clinit>(ByteBufUtil.java:99) -Dio.netty.maxThreadLocalCharBufferSize: 16384
2022-12-05 10:46:36,776 DEBUG channel.DefaultChannelId [Forwarding newSession on session null to remote] io.netty.channel.DefaultChannelId.<clinit>(DefaultChannelId.java:79) -Dio.netty.processId: 8376 (auto-detected)
2022-12-05 10:46:36,784 DEBUG util.NetUtil [Forwarding newSession on session null to remote] io.netty.util.NetUtil.<clinit>(NetUtil.java:136) -Djava.net.preferIPv4Stack: false
2022-12-05 10:46:36,786 DEBUG util.NetUtil [Forwarding newSession on session null to remote] io.netty.util.NetUtil.<clinit>(NetUtil.java:137) -Djava.net.preferIPv6Addresses: false
2022-12-05 10:46:36,807 DEBUG util.NetUtilInitializations [Forwarding newSession on session null to remote] io.netty.util.NetUtilInitializations.determineLoopback(NetUtilInitializations.java:129) Loopback interface: lo (Software Loopback Interface 1, 127.0.0.1)
2022-12-05 10:46:36,810 DEBUG util.NetUtil [Forwarding newSession on session null to remote] io.netty.util.NetUtil$SoMaxConnAction.run(NetUtil.java:191) Failed to get SOMAXCONN from sysctl and file \proc\sys\net\core\somaxconn. Default: 200
2022-12-05 10:46:36,849 DEBUG channel.DefaultChannelId [Forwarding newSession on session null to remote] io.netty.channel.DefaultChannelId.<clinit>(DefaultChannelId.java:101) -Dio.netty.machineId: 10:fe:ed:ff:fe:1d:a3:16 (auto-detected)
2022-12-05 10:46:36,966 DEBUG buffer.AbstractByteBuf [AsyncHttpClient-1-2] io.netty.buffer.AbstractByteBuf.<clinit>(AbstractByteBuf.java:63) -Dio.netty.buffer.checkAccessible: true
2022-12-05 10:46:36,967 DEBUG buffer.AbstractByteBuf [AsyncHttpClient-1-2] io.netty.buffer.AbstractByteBuf.<clinit>(AbstractByteBuf.java:64) -Dio.netty.buffer.checkBounds: true
2022-12-05 10:46:36,968 DEBUG util.ResourceLeakDetectorFactory [AsyncHttpClient-1-2] io.netty.util.ResourceLeakDetectorFactory$DefaultResourceLeakDetectorFactory.newResourceLeakDetector(ResourceLeakDetectorFactory.java:196) Loaded default ResourceLeakDetector: io.netty.util.ResourceLeakDetector@3a4de01
2022-12-05 10:46:37,015 DEBUG util.Recycler [AsyncHttpClient-1-2] io.netty.util.Recycler.<clinit>(Recycler.java:85) -Dio.netty.recycler.maxCapacityPerThread: 4096
2022-12-05 10:46:37,016 DEBUG util.Recycler [AsyncHttpClient-1-2] io.netty.util.Recycler.<clinit>(Recycler.java:86) -Dio.netty.recycler.ratio: 8
2022-12-05 10:46:37,016 DEBUG util.Recycler [AsyncHttpClient-1-2] io.netty.util.Recycler.<clinit>(Recycler.java:87) -Dio.netty.recycler.chunkSize: 32
2022-12-05 10:46:37,017 DEBUG util.Recycler [AsyncHttpClient-1-2] io.netty.util.Recycler.<clinit>(Recycler.java:88) -Dio.netty.recycler.blocking: false
2022-12-05 10:46:41,341 DEBUG compression.Brotli [AsyncHttpClient-1-2] io.netty.handler.codec.compression.Brotli.<clinit>(Brotli.java:38) brotli4j not in the classpath; Brotli support will be unavailable.
2022-12-05 10:47:31,644 INFO  [main] page.EmailPage.getEmailName(EmailPage.java:48) Generated email: frebokeppuke-4940@yopmail.com
]]></system-out>
    <system-err><![CDATA[1670226396417	geckodriver	INFO	Listening on 127.0.0.1:61065
1670226397066	mozrunner::runner	INFO	Running command: "C:\\Program Files\\Mozilla Firefox\\firefox.exe" "--marionette" "--remote-debugging-port" "63860" "--remote-allow-hosts" "localhost" "--remote-allow-origins" "http://127.0.0.1:63860/,http://localhost:63860/,http://[::1]:63860/" "-no-remote" "-profile" "C:\\WINDOWS\\TEMP\\rust_mozprofile3YaH60"
1670226398013	Marionette	INFO	Marionette enabled
1670226398028	Marionette	INFO	Listening on port 59361
Read port: 59361
WebDriver BiDi listening on ws://127.0.0.1:63860
1670226398374	RemoteAgent	WARN	TLS certificate errors will be ignored for this session
[GFX1-]: RcANGLE(no compositor window)
[GFX1-]: Failed to connect WebRenderBridgeChild. isParent=true
[GFX1-]: Fallback WR to SW-WR + D3D11
[GFX1-]: [D3D11] create swap chain failed: 0x887a0022, 0
[GFX1-]: Failed to initialize CompositorD3D11 for SWGL: FEATURE_FAILURE_D3D11_SWAP_CHAIN
console.warn: SearchSettings: "get: No settings file exists, new profile?" (new NotFoundError("Could not open the file at C:\\WINDOWS\\TEMP\\rust_mozprofile3YaH60\\search.json.mozlz4", (void 0)))
DevTools listening on ws://127.0.0.1:63860/devtools/browser/98afa4be-c9cc-4875-ba4e-1d68c376bcec
дек. 05, 2022 10:46:41 AM org.openqa.selenium.remote.ProtocolHandshake createSession
INFO: Detected upstream dialect: W3C
JavaScript error: resource://gre/modules/XULStore.jsm, line 58: Error: Can't find profile directory.
JavaScript error: resource://gre/modules/XULStore.jsm, line 58: Error: Can't find profile directory.
1670226442977	Marionette	WARN	TimedPromise timed out after 500 ms: stacktrace:
TimedPromise/<@chrome://remote/content/marionette/sync.sys.mjs:220:24
TimedPromise@chrome://remote/content/marionette/sync.sys.mjs:205:10
interaction.flushEventLoop@chrome://remote/content/marionette/interaction.sys.mjs:425:10
webdriverClickElement@chrome://remote/content/marionette/interaction.sys.mjs:173:31
1670226449432	Marionette	WARN	Ignoring event 'DOMContentLoaded' because document has an invalid readyState of 'complete'.
JavaScript error: , line 0: uncaught exception: undefined
JavaScript warning: https://pagead2.googlesyndication.com/bg/HXK1UBO5dJ_nYlUyX89SMP4zFPzfcfFy3F4kBoREzco.js line 2 > eval line 2903 > eval line 1 > eval line 1 > eval, line 1: WEBGL_debug_renderer_info is deprecated in Firefox and will be removed. Please use RENDERER.
1670226453260	Marionette	WARN	TimedPromise timed out after 500 ms: stacktrace:
TimedPromise/<@chrome://remote/content/marionette/sync.sys.mjs:220:24
TimedPromise@chrome://remote/content/marionette/sync.sys.mjs:205:10
interaction.flushEventLoop@chrome://remote/content/marionette/interaction.sys.mjs:425:10
webdriverClickElement@chrome://remote/content/marionette/interaction.sys.mjs:173:31
console.warn: LoginRecipes: "Falling back to a synchronous message for: https://yopmail.com."
1670226453694	Marionette	WARN	Ignoring event 'DOMContentLoaded' because document has an invalid readyState of 'complete'.
JavaScript error: , line 0: TypeError: NetworkError when attempting to fetch resource.
JavaScript error: , line 0: TypeError: NetworkError when attempting to fetch resource.
]]></system-err>
  </testcase>
</testsuite>